<?xml version="1.0" encoding="utf-8"?><testsuites name="pytest tests"><testsuite name="pytest" errors="0" failures="0" skipped="0" tests="25" time="6.319" timestamp="2026-04-27T21:49:47.898935+00:00" hostname="agent-env-22b142e7-41d2-49d7-bfb9-3568e823685f"><testcase classname="backend.tests.backend_test" name="test_root" time="0.227" /><testcase classname="backend.tests.backend_test" name="test_cors_headers" time="0.060" /><testcase classname="backend.tests.backend_test" name="test_xtream_login_invalid" time="0.109" /><testcase classname="backend.tests.backend_test" name="test_xtream_categories_invalid[live]" time="0.059" /><testcase classname="backend.tests.backend_test" name="test_xtream_categories_invalid[vod]" time="0.060" /><testcase classname="backend.tests.backend_test" name="test_xtream_categories_invalid[series]" time="0.057" /><testcase classname="backend.tests.backend_test" name="test_xtream_categories_bad_type" time="0.055" /><testcase classname="backend.tests.backend_test" name="test_xtream_streams_invalid" time="0.057" /><testcase classname="backend.tests.backend_test" name="test_xtream_login_real" time="0.533" /><testcase classname="backend.tests.backend_test" name="test_xtream_categories_real" time="0.490" /><testcase classname="backend.tests.backend_test" name="test_m3u_parse_real" time="0.688" /><testcase classname="backend.tests.backend_test" name="test_m3u_parse_bad_url" time="0.556" /><testcase classname="backend.tests.backend_test" name="test_proxy_stream_text" time="0.184" /><testcase classname="backend.tests.backend_test" name="test_proxy_stream_range_forwarded" time="0.069" /><testcase classname="backend.tests.backend_test" name="test_proxy_m3u8_rewrites_segments_with_redirect" time="0.060" /><testcase classname="backend.tests.backend_test" name="test_proxy_forwards_vlc_user_agent" time="0.151" /><testcase classname="backend.tests.backend_test" name="test_favorite_create_no_objectid" time="0.070" /><testcase classname="backend.tests.backend_test" name="test_favorite_list_returns_created" time="0.056" /><testcase classname="backend.tests.backend_test" name="test_favorite_idempotent_upsert" time="0.115" /><testcase classname="backend.tests.backend_test" name="test_favorite_delete" time="0.156" /><testcase classname="backend.tests.backend_test" name="test_history_upsert_create" time="0.065" /><testcase classname="backend.tests.backend_test" name="test_history_list_excludes_objectid_and_has_shape" time="0.057" /><testcase classname="backend.tests.backend_test" name="test_history_idempotent_upsert" time="0.103" /><testcase classname="backend.tests.backend_test" name="test_history_sorted_desc_by_updated_at" time="1.205" /><testcase classname="backend.tests.backend_test" name="test_history_delete" time="0.763" /></testsuite></testsuites>