<?xml version="1.0" encoding="utf-8"?><testsuites name="pytest tests"><testsuite name="pytest" errors="0" failures="0" skipped="0" tests="15" time="4.369" timestamp="2026-04-27T21:19:33.127659+00:00" hostname="agent-env-22b142e7-41d2-49d7-bfb9-3568e823685f"><testcase classname="backend.tests.backend_test" name="test_root" time="0.241" /><testcase classname="backend.tests.backend_test" name="test_cors_headers" time="0.081" /><testcase classname="backend.tests.backend_test" name="test_xtream_login_invalid" time="0.115" /><testcase classname="backend.tests.backend_test" name="test_xtream_categories_invalid[live]" time="0.065" /><testcase classname="backend.tests.backend_test" name="test_xtream_categories_invalid[vod]" time="0.095" /><testcase classname="backend.tests.backend_test" name="test_xtream_categories_invalid[series]" time="0.057" /><testcase classname="backend.tests.backend_test" name="test_xtream_categories_bad_type" time="0.060" /><testcase classname="backend.tests.backend_test" name="test_xtream_streams_invalid" time="0.068" /><testcase classname="backend.tests.backend_test" name="test_m3u_parse_real" time="0.818" /><testcase classname="backend.tests.backend_test" name="test_m3u_parse_bad_url" time="0.914" /><testcase classname="backend.tests.backend_test" name="test_proxy_stream_text" time="1.053" /><testcase classname="backend.tests.backend_test" name="test_favorite_create_no_objectid" time="0.074" /><testcase classname="backend.tests.backend_test" name="test_favorite_list_returns_created" time="0.058" /><testcase classname="backend.tests.backend_test" name="test_favorite_idempotent_upsert" time="0.162" /><testcase classname="backend.tests.backend_test" name="test_favorite_delete" time="0.312" /></testsuite></testsuites>